#
# There is insufficient memory for the Java Runtime Environment to continue.
# Native memory allocation (mmap) failed to map 65011712 bytes for G1 virtual space
# Possible reasons:
#   The system is out of physical RAM or swap space
#   The process is running with CompressedOops enabled, and the Java Heap may be blocking the growth of the native heap
# Possible solutions:
#   Reduce memory load on the system
#   Increase physical memory or swap space
#   Check if swap backing store is full
#   Decrease Java heap size (-Xmx/-Xms)
#   Decrease number of Java threads
#   Decrease Java thread stack sizes (-Xss)
#   Set larger code cache with -XX:ReservedCodeCacheSize=
#   JVM is running with Unscaled Compressed Oops mode in which the Java heap is
#     placed in the first 4GB address space. The Java Heap base address is the
#     maximum limit for the native heap growth. Please use -XX:HeapBaseMinAddress
#     to set the Java Heap base and to place the Java Heap above 4GB virtual address.
# This output file may be truncated or incomplete.
#
#  Out of Memory Error (os_windows.cpp:3548), pid=5852, tid=11760
#
# JRE version:  (17.0.12+8) (build )
# Java VM: Java HotSpot(TM) 64-Bit Server VM (17.0.12+8-LTS-286, mixed mode, sharing, tiered, compressed oops, compressed class ptrs, g1 gc, windows-amd64)
# No core dump will be written. Minidumps are not enabled by default on client versions of Windows
#

---------------  S U M M A R Y ------------

Command Line: v.ej_7guia.Ej_7guia

Host: Intel(R) Celeron(R) N4020 CPU @ 1.10GHz, 2 cores, 3G,  Windows 11 , 64 bit Build 22000 (10.0.22000.2538)
Time: Thu Aug 28 19:56:31 2025 Hora estándar de Argentina elapsed time: 0.024840 seconds (0d 0h 0m 0s)

---------------  T H R E A D  ---------------

Current thread (0x000001da86bf04e0):  JavaThread "Unknown thread" [_thread_in_vm, id=11760, stack(0x000000b331300000,0x000000b331400000)]

Stack: [0x000000b331300000,0x000000b331400000]
Native frames: (J=compiled Java code, j=interpreted, Vv=VM code, C=native code)
V  [jvm.dll+0x67a04a]
V  [jvm.dll+0x7da4ed]
V  [jvm.dll+0x7dbe33]
V  [jvm.dll+0x7dc4a3]
V  [jvm.dll+0x24508f]
V  [jvm.dll+0x677089]
V  [jvm.dll+0x66bd32]
V  [jvm.dll+0x301fa6]
V  [jvm.dll+0x309546]
V  [jvm.dll+0x359d2e]
V  [jvm.dll+0x359f5f]
V  [jvm.dll+0x2d9078]
V  [jvm.dll+0x2d9fe4]
V  [jvm.dll+0x7aca21]
V  [jvm.dll+0x367591]
V  [jvm.dll+0x78b999]
V  [jvm.dll+0x3ec83f]
V  [jvm.dll+0x3ee471]
C  [jli.dll+0x5297]
C  [ucrtbase.dll+0x26c0c]
C  [KERNEL32.DLL+0x153e0]
C  [ntdll.dll+0x485b]


---------------  P R O C E S S  ---------------

Threads class SMR info:
_java_thread_list=0x00007ffdad877a18, length=0, elements={
}

Java Threads: ( => current thread )

Other Threads:
  0x000001da86c29b80 GCTaskThread "GC Thread#0" [stack: 0x000000b331400000,0x000000b331500000] [id=3256]
  0x000001da86c33560 ConcurrentGCThread "G1 Main Marker" [stack: 0x000000b331500000,0x000000b331600000] [id=6488]
  0x000001da86c34710 ConcurrentGCThread "G1 Conc#0" [stack: 0x000000b331600000,0x000000b331700000] [id=8472]

[error occurred during error reporting (printing all threads), id 0xc0000005, EXCEPTION_ACCESS_VIOLATION (0xc0000005) at pc=0x00007ffdad0a9b67]

VM state: not at safepoint (not fully initialized)

VM Mutex/Monitor currently owned by a thread:  ([mutex/lock_event])
[0x000001da86beb200] Heap_lock - owner thread: 0x000001da86bf04e0

Heap address: 0x00000000c2c00000, size: 980 MB, Compressed Oops mode: 32-bit

CDS archive(s) mapped at: [0x0000000000000000-0x0000000000000000-0x0000000000000000), size 0, SharedBaseAddress: 0x0000000800000000, ArchiveRelocationMode: 1.
Narrow klass base: 0x0000000000000000, Narrow klass shift: 0, Narrow klass range: 0x0

GC Precious Log:
<Empty>

Heap:
 garbage-first heap   total 0K, used 0K [0x00000000c2c00000, 0x0000000100000000)
  region size 1024K, 0 young (0K), 0 survivors (0K)

[error occurred during error reporting (printing heap information), id 0xc0000005, EXCEPTION_ACCESS_VIOLATION (0xc0000005) at pc=0x00007ffdad493859]

GC Heap History (0 events):
No events

Deoptimization events (0 events):
No events

Classes unloaded (0 events):
No events

Classes redefined (0 events):
No events

Internal exceptions (0 events):
No events

VM Operations (0 events):
No events

Events (1 events):
Event: 0.013 Loaded shared library C:\Program Files\Java\jdk-17\bin\java.dll


Dynamic libraries:
0x00007ff7f5f80000 - 0x00007ff7f5f90000 	C:\Program Files\Java\jdk-17\bin\java.exe
0x00007ffe18480000 - 0x00007ffe18689000 	C:\Windows\SYSTEM32\ntdll.dll
0x00007ffe17310000 - 0x00007ffe173cd000 	C:\Windows\System32\KERNEL32.DLL
0x00007ffe15a30000 - 0x00007ffe15db4000 	C:\Windows\System32\KERNELBASE.dll
0x00007ffe15ef0000 - 0x00007ffe16001000 	C:\Windows\System32\ucrtbase.dll
0x00007ffdd3bf0000 - 0x00007ffdd3c0b000 	C:\Program Files\Java\jdk-17\bin\VCRUNTIME140.dll
0x00007ffe02380000 - 0x00007ffe02399000 	C:\Program Files\Java\jdk-17\bin\jli.dll
0x00007ffe18390000 - 0x00007ffe1843e000 	C:\Windows\System32\ADVAPI32.dll
0x00007ffe17110000 - 0x00007ffe171b3000 	C:\Windows\System32\msvcrt.dll
0x00007ffe171c0000 - 0x00007ffe1725e000 	C:\Windows\System32\sechost.dll
0x00007ffe18120000 - 0x00007ffe18241000 	C:\Windows\System32\RPCRT4.dll
0x00007ffe163e0000 - 0x00007ffe1658d000 	C:\Windows\System32\USER32.dll
0x00007ffe16010000 - 0x00007ffe16036000 	C:\Windows\System32\win32u.dll
0x00007ffe16d40000 - 0x00007ffe16d6a000 	C:\Windows\System32\GDI32.dll
0x00007ffe15910000 - 0x00007ffe15a2e000 	C:\Windows\System32\gdi32full.dll
0x00007ffe16230000 - 0x00007ffe162cd000 	C:\Windows\System32\msvcp_win.dll
0x00007ffe01fb0000 - 0x00007ffe02255000 	C:\Windows\WinSxS\amd64_microsoft.windows.common-controls_6595b64144ccf1df_6.0.22000.120_none_9d947278b86cc467\COMCTL32.dll
0x00007ffe0daa0000 - 0x00007ffe0daaa000 	C:\Windows\SYSTEM32\VERSION.dll
0x00007ffe17260000 - 0x00007ffe17291000 	C:\Windows\System32\IMM32.DLL
0x00007ffdffdb0000 - 0x00007ffdffdbc000 	C:\Program Files\Java\jdk-17\bin\vcruntime140_1.dll
0x00007ffdac9c0000 - 0x00007ffdaca4e000 	C:\Program Files\Java\jdk-17\bin\msvcp140.dll
0x00007ffdacdc0000 - 0x00007ffdad9a0000 	C:\Program Files\Java\jdk-17\bin\server\jvm.dll
0x00007ffe16590000 - 0x00007ffe16598000 	C:\Windows\System32\PSAPI.DLL
0x00007ffdffdf0000 - 0x00007ffdffdf9000 	C:\Windows\SYSTEM32\WSOCK32.dll
0x00007ffe17cd0000 - 0x00007ffe17d3f000 	C:\Windows\System32\WS2_32.dll
0x00007ffe0d920000 - 0x00007ffe0d953000 	C:\Windows\SYSTEM32\WINMM.dll
0x00007ffe14980000 - 0x00007ffe14998000 	C:\Windows\SYSTEM32\kernel.appcore.dll
0x00007ffdf1250000 - 0x00007ffdf125a000 	C:\Program Files\Java\jdk-17\bin\jimage.dll
0x00007ffe13550000 - 0x00007ffe13771000 	C:\Windows\SYSTEM32\DBGHELP.DLL
0x00007ffdfe7d0000 - 0x00007ffdfe801000 	C:\Windows\SYSTEM32\dbgcore.DLL
0x00007ffe161b0000 - 0x00007ffe1622f000 	C:\Windows\System32\bcryptPrimitives.dll
0x00007ffdacd90000 - 0x00007ffdacdb5000 	C:\Program Files\Java\jdk-17\bin\java.dll

dbghelp: loaded successfully - version: 4.0.5 - missing functions: none
symbol engine: initialized successfully - sym options: 0x614 - pdb path: .;C:\Program Files\Java\jdk-17\bin;C:\Windows\SYSTEM32;C:\Windows\WinSxS\amd64_microsoft.windows.common-controls_6595b64144ccf1df_6.0.22000.120_none_9d947278b86cc467;C:\Program Files\Java\jdk-17\bin\server

VM Arguments:
java_command: v.ej_7guia.Ej_7guia
java_class_path (initial): C:\Users\valen\OneDrive\Documentos\NetBeansProjects\Ej_7guia\target\classes
Launcher Type: SUN_STANDARD

[Global flags]
     intx CICompilerCount                          = 2                                         {product} {ergonomic}
     uint ConcGCThreads                            = 1                                         {product} {ergonomic}
     uint G1ConcRefinementThreads                  = 2                                         {product} {ergonomic}
   size_t G1HeapRegionSize                         = 1048576                                   {product} {ergonomic}
    uintx GCDrainStackTargetSize                   = 64                                        {product} {ergonomic}
   size_t InitialHeapSize                          = 65011712                                  {product} {ergonomic}
   size_t MarkStackSize                            = 4194304                                   {product} {ergonomic}
   size_t MaxHeapSize                              = 1027604480                                {product} {ergonomic}
   size_t MinHeapDeltaBytes                        = 1048576                                   {product} {ergonomic}
   size_t MinHeapSize                              = 8388608                                   {product} {ergonomic}
    uintx NonNMethodCodeHeapSize                   = 5826188                                {pd product} {ergonomic}
    uintx NonProfiledCodeHeapSize                  = 122916026                              {pd product} {ergonomic}
    uintx ProfiledCodeHeapSize                     = 122916026                              {pd product} {ergonomic}
    uintx ReservedCodeCacheSize                    = 251658240                              {pd product} {ergonomic}
     bool SegmentedCodeCache                       = true                                      {product} {ergonomic}
   size_t SoftMaxHeapSize                          = 1027604480                             {manageable} {ergonomic}
     bool UseCompressedClassPointers               = true                           {product lp64_product} {ergonomic}
     bool UseCompressedOops                        = true                           {product lp64_product} {ergonomic}
     bool UseG1GC                                  = true                                      {product} {ergonomic}
     bool UseLargePagesIndividualAllocation        = false                                  {pd product} {ergonomic}

Logging:
Log output configuration:
 #0: stdout all=warning uptime,level,tags
 #1: stderr all=off uptime,level,tags

Environment Variables:
JAVA_HOME=C:\Program Files\Java\jdk-17
PATH=C:\Program Files\Common Files\Oracle\Java\javapath;C:\Program Files (x86)\Common Files\Oracle\Java\java8path;C:\Program Files (x86)\Common Files\Oracle\Java\javapath;C:\Windows\system32;C:\Windows;C:\Windows\System32\Wbem;C:\Windows\System32\WindowsPowerShell\v1.0\;C:\Windows\System32\OpenSSH\;C:\Users\valen\AppData\Local\Microsoft\WindowsApps;;C:\Program Files\JetBrains\CLion 2024.1.5\bin;;C:\Users\valen\AppData\Local\Programs\Microsoft VS Code\bin
USERNAME=valen
OS=Windows_NT
PROCESSOR_IDENTIFIER=Intel64 Family 6 Model 122 Stepping 8, GenuineIntel



---------------  S Y S T E M  ---------------

OS:
 Windows 11 , 64 bit Build 22000 (10.0.22000.2538)
OS uptime: 0 days 7:02 hours

CPU: total 2 (initial active 2) (2 cores per cpu, 1 threads per core) family 6 model 122 stepping 8 microcode 0x18, cx8, cmov, fxsr, mmx, 3dnowpref, sse, sse2, sse3, ssse3, sse4.1, sse4.2, popcnt, tsc, tscinvbit, aes, erms, clmul, sha, clflush, clflushopt

Memory: 4k page, system-wide physical 3916M (392M free)
TotalPageFile size 9764M (AvailPageFile size 60M)
current process WorkingSet (physical memory assigned to process): 10M, peak: 10M
current process commit charge ("private bytes"): 47M, peak: 109M

vm_info: Java HotSpot(TM) 64-Bit Server VM (17.0.12+8-LTS-286) for windows-amd64 JRE (17.0.12+8-LTS-286), built on Jun  5 2024 06:46:59 by "mach5one" with MS VC++ 17.6 (VS2022)

END.
